<?xml version="1.0" encoding="UTF-8"?>
<testng-results skipped="5" failed="0" total="7" passed="2">
  <reporter-output>
    <line>
      <![CDATA[<div style="display:block;margin-left:10px;"></div>]]>
    </line>
    <line>
      <![CDATA[<div style="display:block;margin-left:10px;"></div>]]>
    </line>
    <line>
      <![CDATA[<div style="display:block;margin-left:10px;"><div  class="teststepfail"><span class="teststepfail-label">T </span>get '/'</div><div style="display:block;margin-left:10px;"><div  class="fail"><span class="fail-label">F </span>com.qmetry.qaf.automation.core.AutomationError: Timed out after 0 seconds: Unable to create driver instance in 1st attempt with retry timeout of 0 seconds. You can check/set value of 'driver.init.retry.timeout' appropriately to set retry timeout on driver initialization failure.
Driver file not exist.</div></div></div>]]>
    </line>
    <line>
      <![CDATA[<div style="display:block;margin-left:10px;"><div  class="teststepfail"><span class="teststepfail-label">T </span>get '/'</div><div style="display:block;margin-left:10px;"><div  class="fail"><span class="fail-label">F </span>com.qmetry.qaf.automation.core.AutomationError: Timed out after 0 seconds: Unable to create driver instance in 1st attempt with retry timeout of 0 seconds. You can check/set value of 'driver.init.retry.timeout' appropriately to set retry timeout on driver initialization failure.
Driver file not exist.</div></div></div>]]>
    </line>
    <line>
      <![CDATA[<div style="display:block;margin-left:10px;"><div  class="teststepfail"><span class="teststepfail-label">T </span>get '/'</div><div style="display:block;margin-left:10px;"><div  class="fail"><span class="fail-label">F </span>com.qmetry.qaf.automation.core.AutomationError: Timed out after 0 seconds: Unable to create driver instance in 1st attempt with retry timeout of 0 seconds. You can check/set value of 'driver.init.retry.timeout' appropriately to set retry timeout on driver initialization failure.
Driver file not exist.</div></div></div>]]>
    </line>
    <line>
      <![CDATA[<div style="display:block;margin-left:10px;"><div  class="teststepfail"><span class="teststepfail-label">T </span>get '/'</div><div style="display:block;margin-left:10px;"><div  class="fail"><span class="fail-label">F </span>com.qmetry.qaf.automation.core.AutomationError: Timed out after 0 seconds: Unable to create driver instance in 1st attempt with retry timeout of 0 seconds. You can check/set value of 'driver.init.retry.timeout' appropriately to set retry timeout on driver initialization failure.
Driver file not exist.</div></div></div>]]>
    </line>
    <line>
      <![CDATA[<div style="display:block;margin-left:10px;"><div  class="teststepfail"><span class="teststepfail-label">T </span>get '/'</div><div style="display:block;margin-left:10px;"><div  class="fail"><span class="fail-label">F </span>com.qmetry.qaf.automation.core.AutomationError: Timed out after 0 seconds: Unable to create driver instance in 1st attempt with retry timeout of 0 seconds. You can check/set value of 'driver.init.retry.timeout' appropriately to set retry timeout on driver initialization failure.
Driver file not exist.</div></div></div>]]>
    </line>
  </reporter-output>
  <suite name="com.qmetry.qaf.example.test.SampleTest" duration-ms="334" started-at="2018-02-21T11:55:39Z" finished-at="2018-02-21T11:55:39Z">
    <groups>
      <group name="P1">
        <method signature="SampleTest.testGoogleSearch1()[pri:0, instance:com.qmetry.qaf.example.test.SampleTest@58c1c010]" name="testGoogleSearch1" class="com.qmetry.qaf.example.test.SampleTest"/>
        <method signature="SampleTest.testGoogleSearch2()[pri:0, instance:com.qmetry.qaf.example.test.SampleTest@58c1c010]" name="testGoogleSearch2" class="com.qmetry.qaf.example.test.SampleTest"/>
        <method signature="SampleTest.testGoogleSearch3()[pri:0, instance:com.qmetry.qaf.example.test.SampleTest@58c1c010]" name="testGoogleSearch3" class="com.qmetry.qaf.example.test.SampleTest"/>
        <method signature="SampleTest.testGoogleSearch4()[pri:0, instance:com.qmetry.qaf.example.test.SampleTest@58c1c010]" name="testGoogleSearch4" class="com.qmetry.qaf.example.test.SampleTest"/>
        <method signature="SampleTest.testGoogleSearch41()[pri:0, instance:com.qmetry.qaf.example.test.SampleTest@58c1c010]" name="testGoogleSearch41" class="com.qmetry.qaf.example.test.SampleTest"/>
        <method signature="SampleTest.testGoogleSearch5(java.lang.String)[pri:0, instance:com.qmetry.qaf.example.test.SampleTest@58c1c010]" name="testGoogleSearch5" class="com.qmetry.qaf.example.test.SampleTest"/>
      </group> <!-- P1 -->
      <group name="storykey=ZAL-1">
        <method signature="SampleTest.testGoogleSearch1()[pri:0, instance:com.qmetry.qaf.example.test.SampleTest@58c1c010]" name="testGoogleSearch1" class="com.qmetry.qaf.example.test.SampleTest"/>
        <method signature="SampleTest.testGoogleSearch2()[pri:0, instance:com.qmetry.qaf.example.test.SampleTest@58c1c010]" name="testGoogleSearch2" class="com.qmetry.qaf.example.test.SampleTest"/>
        <method signature="SampleTest.testGoogleSearch3()[pri:0, instance:com.qmetry.qaf.example.test.SampleTest@58c1c010]" name="testGoogleSearch3" class="com.qmetry.qaf.example.test.SampleTest"/>
        <method signature="SampleTest.testGoogleSearch4()[pri:0, instance:com.qmetry.qaf.example.test.SampleTest@58c1c010]" name="testGoogleSearch4" class="com.qmetry.qaf.example.test.SampleTest"/>
        <method signature="SampleTest.testGoogleSearch41()[pri:0, instance:com.qmetry.qaf.example.test.SampleTest@58c1c010]" name="testGoogleSearch41" class="com.qmetry.qaf.example.test.SampleTest"/>
        <method signature="SampleTest.testGoogleSearch5(java.lang.String)[pri:0, instance:com.qmetry.qaf.example.test.SampleTest@58c1c010]" name="testGoogleSearch5" class="com.qmetry.qaf.example.test.SampleTest"/>
      </group> <!-- storykey=ZAL-1 -->
    </groups>
    <test name="Command line test" duration-ms="334" started-at="2018-02-21T11:55:39Z" finished-at="2018-02-21T11:55:39Z">
      <class name="com.qmetry.qaf.example.test.SampleTest">
        <test-method status="PASS" signature="setupSuit(org.testng.ITestContext)[pri:0, instance:com.qmetry.qaf.example.test.SampleTest@58c1c010]" name="setupSuit" is-config="true" duration-ms="18" started-at="2018-02-21T17:25:39Z" finished-at="2018-02-21T17:25:39Z">
          <params>
            <param index="0">
              <value>
                <![CDATA[org.testng.TestRunner@1d119efb]]>
              </value>
            </param>
          </params>
          <reporter-output>
          </reporter-output>
        </test-method> <!-- setupSuit -->
        <test-method status="PASS" signature="setupTest(org.testng.ITestContext)[pri:0, instance:com.qmetry.qaf.example.test.SampleTest@58c1c010]" name="setupTest" is-config="true" duration-ms="0" started-at="2018-02-21T17:25:39Z" finished-at="2018-02-21T17:25:39Z">
          <params>
            <param index="0">
              <value>
                <![CDATA[org.testng.TestRunner@1d119efb]]>
              </value>
            </param>
          </params>
          <reporter-output>
          </reporter-output>
        </test-method> <!-- setupTest -->
        <test-method status="PASS" signature="setupMethod(java.lang.reflect.Method, org.testng.ITestContext)[pri:0, instance:com.qmetry.qaf.example.test.SampleTest@58c1c010]" name="setupMethod" is-config="true" duration-ms="0" started-at="2018-02-21T17:25:39Z" finished-at="2018-02-21T17:25:39Z">
          <params>
            <param index="0">
              <value>
                <![CDATA[public void com.qmetry.qaf.example.test.SampleTest.testGoogleSearch5(java.lang.String)]]>
              </value>
            </param>
            <param index="1">
              <value>
                <![CDATA[org.testng.TestRunner@1d119efb]]>
              </value>
            </param>
          </params>
          <reporter-output>
          </reporter-output>
        </test-method> <!-- setupMethod -->
        <test-method status="PASS" signature="setup(org.testng.ITestContext)[pri:0, instance:com.qmetry.qaf.example.test.SampleTest@58c1c010]" name="setup" is-config="true" duration-ms="0" started-at="2018-02-21T17:25:39Z" finished-at="2018-02-21T17:25:39Z">
          <params>
            <param index="0">
              <value>
                <![CDATA[org.testng.TestRunner@1d119efb]]>
              </value>
            </param>
          </params>
          <reporter-output>
          </reporter-output>
        </test-method> <!-- setup -->
        <test-method status="PASS" signature="testGoogleSearch5(java.lang.String)[pri:0, instance:com.qmetry.qaf.example.test.SampleTest@58c1c010]" name="testGoogleSearch5" duration-ms="16" started-at="2018-02-21T17:25:39Z" finished-at="2018-02-21T17:25:39Z">
          <params>
            <param index="0">
              <value>
                <![CDATA[R]]>
              </value>
            </param>
          </params>
          <reporter-output>
            <line>
              <![CDATA[<div style="display:block;margin-left:10px;"></div>]]>
            </line>
          </reporter-output>
        </test-method> <!-- testGoogleSearch5 -->
        <test-method status="PASS" signature="afterMethod(org.testng.ITestContext, org.testng.ITestResult)[pri:0, instance:com.qmetry.qaf.example.test.SampleTest@58c1c010]" name="afterMethod" is-config="true" duration-ms="0" started-at="2018-02-21T17:25:39Z" finished-at="2018-02-21T17:25:39Z">
          <params>
            <param index="0">
              <value>
                <![CDATA[org.testng.TestRunner@1d119efb]]>
              </value>
            </param>
            <param index="1">
              <value>
                <![CDATA[[TestResult name=testGoogleSearch5 status=SUCCESS method=SampleTest.testGoogleSearch5(java.lang.String)[pri:0, instance:com.qmetry.qaf.example.test.SampleTest@58c1c010] output=<div style="display:block;margin-left:10px;"></div>]]]>
              </value>
            </param>
          </params>
          <reporter-output>
          </reporter-output>
        </test-method> <!-- afterMethod -->
        <test-method status="PASS" signature="testGoogleSearch5(java.lang.String)[pri:0, instance:com.qmetry.qaf.example.test.SampleTest@58c1c010]" name="testGoogleSearch5" duration-ms="0" started-at="2018-02-21T17:25:39Z" finished-at="2018-02-21T17:25:39Z">
          <params>
            <param index="0">
              <value>
                <![CDATA[S]]>
              </value>
            </param>
          </params>
          <reporter-output>
            <line>
              <![CDATA[<div style="display:block;margin-left:10px;"></div>]]>
            </line>
          </reporter-output>
        </test-method> <!-- testGoogleSearch5 -->
        <test-method status="PASS" signature="setupMethod(java.lang.reflect.Method, org.testng.ITestContext)[pri:0, instance:com.qmetry.qaf.example.test.SampleTest@58c1c010]" name="setupMethod" is-config="true" duration-ms="0" started-at="2018-02-21T17:25:39Z" finished-at="2018-02-21T17:25:39Z">
          <params>
            <param index="0">
              <value>
                <![CDATA[public void com.qmetry.qaf.example.test.SampleTest.testGoogleSearch5(java.lang.String)]]>
              </value>
            </param>
            <param index="1">
              <value>
                <![CDATA[org.testng.TestRunner@1d119efb]]>
              </value>
            </param>
          </params>
          <reporter-output>
          </reporter-output>
        </test-method> <!-- setupMethod -->
        <test-method status="PASS" signature="afterMethod(org.testng.ITestContext, org.testng.ITestResult)[pri:0, instance:com.qmetry.qaf.example.test.SampleTest@58c1c010]" name="afterMethod" is-config="true" duration-ms="0" started-at="2018-02-21T17:25:39Z" finished-at="2018-02-21T17:25:39Z">
          <params>
            <param index="0">
              <value>
                <![CDATA[org.testng.TestRunner@1d119efb]]>
              </value>
            </param>
            <param index="1">
              <value>
                <![CDATA[[TestResult name=testGoogleSearch5 status=SUCCESS method=SampleTest.testGoogleSearch5(java.lang.String)[pri:0, instance:com.qmetry.qaf.example.test.SampleTest@58c1c010] output=<div style="display:block;margin-left:10px;"></div>]]]>
              </value>
            </param>
          </params>
          <reporter-output>
          </reporter-output>
        </test-method> <!-- afterMethod -->
        <test-method status="SKIP" signature="testGoogleSearch41()[pri:0, instance:com.qmetry.qaf.example.test.SampleTest@58c1c010]" name="testGoogleSearch41" duration-ms="122" started-at="2018-02-21T17:25:39Z" finished-at="2018-02-21T17:25:39Z">
          <exception class="com.qmetry.qaf.automation.core.AutomationError">
            <message>
              <![CDATA[Timed out after 0 seconds: Unable to create driver instance in 1st attempt with retry timeout of 0 seconds. You can check/set value of 'driver.init.retry.timeout' appropriately to set retry timeout on driver initialization failure.
Driver file not exist.]]>
            </message>
            <full-stacktrace>
              <![CDATA[com.qmetry.qaf.automation.core.AutomationError: Timed out after 0 seconds: Unable to create driver instance in 1st attempt with retry timeout of 0 seconds. You can check/set value of 'driver.init.retry.timeout' appropriately to set retry timeout on driver initialization failure.
Driver file not exist.
	at com.qmetry.qaf.automation.ui.webdriver.ChromeDriverHelper.createAndStartService(ChromeDriverHelper.java:51)
	at com.qmetry.qaf.automation.ui.webdriver.ChromeDriverHelper.getService(ChromeDriverHelper.java:88)
	at com.qmetry.qaf.automation.ui.UiDriverFactory$Browsers.getDriver(UiDriverFactory.java:407)
	at com.qmetry.qaf.automation.ui.UiDriverFactory$Browsers.access$4(UiDriverFactory.java:398)
	at com.qmetry.qaf.automation.ui.UiDriverFactory.getDriver(UiDriverFactory.java:234)
	at com.qmetry.qaf.automation.ui.UiDriverFactory.get(UiDriverFactory.java:94)
	at com.qmetry.qaf.automation.core.QAFTestBase$DriverInitExpectedCondition.apply(QAFTestBase.java:487)
	at com.qmetry.qaf.automation.core.QAFTestBase$DriverInitExpectedCondition.apply(QAFTestBase.java:1)
	at org.openqa.selenium.support.ui.FluentWait.until(FluentWait.java:238)
	at com.qmetry.qaf.automation.core.QAFTestBase.init(QAFTestBase.java:389)
	at com.qmetry.qaf.automation.core.QAFTestBase.getUiDriver(QAFTestBase.java:177)
	at com.qmetry.qaf.automation.ui.WebDriverTestBase.getDriver(WebDriverTestBase.java:47)
	at com.qmetry.qaf.automation.step.CommonStep.get_aroundBody24(CommonStep.java:308)
	at com.qmetry.qaf.automation.step.CommonStep$AjcClosure25.run(CommonStep.java:1)
	at org.aspectj.runtime.reflect.JoinPointImpl.proceed(JoinPointImpl.java:149)
	at com.qmetry.qaf.automation.step.JavaStepReporter$MockJavaStep.doExecute(JavaStepReporter.java:138)
	at com.qmetry.qaf.automation.step.BaseTestStep.execute(BaseTestStep.java:149)
	at com.qmetry.qaf.automation.step.JavaStepReporter.javaTestStep(JavaStepReporter.java:88)
	at com.qmetry.qaf.automation.step.CommonStep.get(CommonStep.java:307)
	at com.qmetry.qaf.example.test.SampleTest.testGoogleSearch41(SampleTest.java:26)
	at sun.reflect.NativeMethodAccessorImpl.invoke0(Native Method)
	at sun.reflect.NativeMethodAccessorImpl.invoke(NativeMethodAccessorImpl.java:62)
	at sun.reflect.DelegatingMethodAccessorImpl.invoke(DelegatingMethodAccessorImpl.java:43)
	at java.lang.reflect.Method.invoke(Method.java:498)
	at org.testng.internal.MethodInvocationHelper.invokeMethod(MethodInvocationHelper.java:86)
	at org.testng.internal.Invoker.invokeMethod(Invoker.java:643)
	at org.testng.internal.Invoker.invokeTestMethod(Invoker.java:820)
	at org.testng.internal.Invoker.invokeTestMethods(Invoker.java:1128)
	at org.testng.internal.TestMethodWorker.invokeTestMethods(TestMethodWorker.java:129)
	at org.testng.internal.TestMethodWorker.run(TestMethodWorker.java:112)
	at org.testng.TestRunner.privateRun(TestRunner.java:805)
	at org.testng.TestRunner.run(TestRunner.java:655)
	at org.testng.SuiteRunner.runTest(SuiteRunner.java:366)
	at org.testng.SuiteRunner.runSequentially(SuiteRunner.java:361)
	at org.testng.SuiteRunner.privateRun(SuiteRunner.java:319)
	at org.testng.SuiteRunner.run(SuiteRunner.java:268)
	at org.testng.SuiteRunnerWorker.runSuite(SuiteRunnerWorker.java:52)
	at org.testng.SuiteRunnerWorker.run(SuiteRunnerWorker.java:86)
	at org.testng.TestNG.runSuitesSequentially(TestNG.java:1244)
	at org.testng.TestNG.runSuitesLocally(TestNG.java:1169)
	at org.testng.TestNG.run(TestNG.java:1064)
	at org.apache.maven.surefire.testng.TestNGExecutor.run(TestNGExecutor.java:77)
	at org.apache.maven.surefire.testng.TestNGDirectoryTestSuite.execute(TestNGDirectoryTestSuite.java:110)
	at org.apache.maven.surefire.testng.TestNGProvider.invoke(TestNGProvider.java:106)
	at sun.reflect.NativeMethodAccessorImpl.invoke0(Native Method)
	at sun.reflect.NativeMethodAccessorImpl.invoke(NativeMethodAccessorImpl.java:62)
	at sun.reflect.DelegatingMethodAccessorImpl.invoke(DelegatingMethodAccessorImpl.java:43)
	at java.lang.reflect.Method.invoke(Method.java:498)
	at org.apache.maven.surefire.util.ReflectionUtils.invokeMethodWithArray(ReflectionUtils.java:189)
	at org.apache.maven.surefire.booter.ProviderFactory$ProviderProxy.invoke(ProviderFactory.java:165)
	at org.apache.maven.surefire.booter.ProviderFactory.invokeProvider(ProviderFactory.java:85)
	at org.apache.maven.surefire.booter.ForkedBooter.runSuitesInProcess(ForkedBooter.java:115)
	at org.apache.maven.surefire.booter.ForkedBooter.main(ForkedBooter.java:75)
]]>
            </full-stacktrace>
          </exception> <!-- com.qmetry.qaf.automation.core.AutomationError -->
          <reporter-output>
            <line>
              <![CDATA[<div style="display:block;margin-left:10px;"><div  class="teststepfail"><span class="teststepfail-label">T </span>get '/'</div><div style="display:block;margin-left:10px;"><div  class="fail"><span class="fail-label">F </span>com.qmetry.qaf.automation.core.AutomationError: Timed out after 0 seconds: Unable to create driver instance in 1st attempt with retry timeout of 0 seconds. You can check/set value of 'driver.init.retry.timeout' appropriately to set retry timeout on driver initialization failure.
Driver file not exist.</div></div></div>]]>
            </line>
          </reporter-output>
        </test-method> <!-- testGoogleSearch41 -->
        <test-method status="PASS" signature="setupMethod(java.lang.reflect.Method, org.testng.ITestContext)[pri:0, instance:com.qmetry.qaf.example.test.SampleTest@58c1c010]" name="setupMethod" is-config="true" duration-ms="0" started-at="2018-02-21T17:25:39Z" finished-at="2018-02-21T17:25:39Z">
          <params>
            <param index="0">
              <value>
                <![CDATA[public void com.qmetry.qaf.example.test.SampleTest.testGoogleSearch41()]]>
              </value>
            </param>
            <param index="1">
              <value>
                <![CDATA[org.testng.TestRunner@1d119efb]]>
              </value>
            </param>
          </params>
          <reporter-output>
          </reporter-output>
        </test-method> <!-- setupMethod -->
        <test-method status="SKIP" signature="testGoogleSearch4()[pri:0, instance:com.qmetry.qaf.example.test.SampleTest@58c1c010]" name="testGoogleSearch4" duration-ms="0" started-at="2018-02-21T17:25:39Z" finished-at="2018-02-21T17:25:39Z">
          <exception class="com.qmetry.qaf.automation.core.AutomationError">
            <message>
              <![CDATA[Timed out after 0 seconds: Unable to create driver instance in 1st attempt with retry timeout of 0 seconds. You can check/set value of 'driver.init.retry.timeout' appropriately to set retry timeout on driver initialization failure.
Driver file not exist.]]>
            </message>
            <full-stacktrace>
              <![CDATA[com.qmetry.qaf.automation.core.AutomationError: Timed out after 0 seconds: Unable to create driver instance in 1st attempt with retry timeout of 0 seconds. You can check/set value of 'driver.init.retry.timeout' appropriately to set retry timeout on driver initialization failure.
Driver file not exist.
	at com.qmetry.qaf.automation.ui.webdriver.ChromeDriverHelper.createAndStartService(ChromeDriverHelper.java:51)
	at com.qmetry.qaf.automation.ui.webdriver.ChromeDriverHelper.getService(ChromeDriverHelper.java:88)
	at com.qmetry.qaf.automation.ui.UiDriverFactory$Browsers.getDriver(UiDriverFactory.java:407)
	at com.qmetry.qaf.automation.ui.UiDriverFactory$Browsers.access$4(UiDriverFactory.java:398)
	at com.qmetry.qaf.automation.ui.UiDriverFactory.getDriver(UiDriverFactory.java:234)
	at com.qmetry.qaf.automation.ui.UiDriverFactory.get(UiDriverFactory.java:94)
	at com.qmetry.qaf.automation.core.QAFTestBase$DriverInitExpectedCondition.apply(QAFTestBase.java:487)
	at com.qmetry.qaf.automation.core.QAFTestBase$DriverInitExpectedCondition.apply(QAFTestBase.java:1)
	at org.openqa.selenium.support.ui.FluentWait.until(FluentWait.java:238)
	at com.qmetry.qaf.automation.core.QAFTestBase.init(QAFTestBase.java:389)
	at com.qmetry.qaf.automation.core.QAFTestBase.getUiDriver(QAFTestBase.java:177)
	at com.qmetry.qaf.automation.ui.WebDriverTestBase.getDriver(WebDriverTestBase.java:47)
	at com.qmetry.qaf.automation.step.CommonStep.get_aroundBody24(CommonStep.java:308)
	at com.qmetry.qaf.automation.step.CommonStep$AjcClosure25.run(CommonStep.java:1)
	at org.aspectj.runtime.reflect.JoinPointImpl.proceed(JoinPointImpl.java:149)
	at com.qmetry.qaf.automation.step.JavaStepReporter$MockJavaStep.doExecute(JavaStepReporter.java:138)
	at com.qmetry.qaf.automation.step.BaseTestStep.execute(BaseTestStep.java:149)
	at com.qmetry.qaf.automation.step.JavaStepReporter.javaTestStep(JavaStepReporter.java:88)
	at com.qmetry.qaf.automation.step.CommonStep.get(CommonStep.java:307)
	at com.qmetry.qaf.example.test.SampleTest.testGoogleSearch4(SampleTest.java:19)
	at sun.reflect.NativeMethodAccessorImpl.invoke0(Native Method)
	at sun.reflect.NativeMethodAccessorImpl.invoke(NativeMethodAccessorImpl.java:62)
	at sun.reflect.DelegatingMethodAccessorImpl.invoke(DelegatingMethodAccessorImpl.java:43)
	at java.lang.reflect.Method.invoke(Method.java:498)
	at org.testng.internal.MethodInvocationHelper.invokeMethod(MethodInvocationHelper.java:86)
	at org.testng.internal.Invoker.invokeMethod(Invoker.java:643)
	at org.testng.internal.Invoker.invokeTestMethod(Invoker.java:820)
	at org.testng.internal.Invoker.invokeTestMethods(Invoker.java:1128)
	at org.testng.internal.TestMethodWorker.invokeTestMethods(TestMethodWorker.java:129)
	at org.testng.internal.TestMethodWorker.run(TestMethodWorker.java:112)
	at org.testng.TestRunner.privateRun(TestRunner.java:805)
	at org.testng.TestRunner.run(TestRunner.java:655)
	at org.testng.SuiteRunner.runTest(SuiteRunner.java:366)
	at org.testng.SuiteRunner.runSequentially(SuiteRunner.java:361)
	at org.testng.SuiteRunner.privateRun(SuiteRunner.java:319)
	at org.testng.SuiteRunner.run(SuiteRunner.java:268)
	at org.testng.SuiteRunnerWorker.runSuite(SuiteRunnerWorker.java:52)
	at org.testng.SuiteRunnerWorker.run(SuiteRunnerWorker.java:86)
	at org.testng.TestNG.runSuitesSequentially(TestNG.java:1244)
	at org.testng.TestNG.runSuitesLocally(TestNG.java:1169)
	at org.testng.TestNG.run(TestNG.java:1064)
	at org.apache.maven.surefire.testng.TestNGExecutor.run(TestNGExecutor.java:77)
	at org.apache.maven.surefire.testng.TestNGDirectoryTestSuite.execute(TestNGDirectoryTestSuite.java:110)
	at org.apache.maven.surefire.testng.TestNGProvider.invoke(TestNGProvider.java:106)
	at sun.reflect.NativeMethodAccessorImpl.invoke0(Native Method)
	at sun.reflect.NativeMethodAccessorImpl.invoke(NativeMethodAccessorImpl.java:62)
	at sun.reflect.DelegatingMethodAccessorImpl.invoke(DelegatingMethodAccessorImpl.java:43)
	at java.lang.reflect.Method.invoke(Method.java:498)
	at org.apache.maven.surefire.util.ReflectionUtils.invokeMethodWithArray(ReflectionUtils.java:189)
	at org.apache.maven.surefire.booter.ProviderFactory$ProviderProxy.invoke(ProviderFactory.java:165)
	at org.apache.maven.surefire.booter.ProviderFactory.invokeProvider(ProviderFactory.java:85)
	at org.apache.maven.surefire.booter.ForkedBooter.runSuitesInProcess(ForkedBooter.java:115)
	at org.apache.maven.surefire.booter.ForkedBooter.main(ForkedBooter.java:75)
]]>
            </full-stacktrace>
          </exception> <!-- com.qmetry.qaf.automation.core.AutomationError -->
          <reporter-output>
            <line>
              <![CDATA[<div style="display:block;margin-left:10px;"><div  class="teststepfail"><span class="teststepfail-label">T </span>get '/'</div><div style="display:block;margin-left:10px;"><div  class="fail"><span class="fail-label">F </span>com.qmetry.qaf.automation.core.AutomationError: Timed out after 0 seconds: Unable to create driver instance in 1st attempt with retry timeout of 0 seconds. You can check/set value of 'driver.init.retry.timeout' appropriately to set retry timeout on driver initialization failure.
Driver file not exist.</div></div></div>]]>
            </line>
          </reporter-output>
        </test-method> <!-- testGoogleSearch4 -->
        <test-method status="PASS" signature="afterMethod(org.testng.ITestContext, org.testng.ITestResult)[pri:0, instance:com.qmetry.qaf.example.test.SampleTest@58c1c010]" name="afterMethod" is-config="true" duration-ms="0" started-at="2018-02-21T17:25:39Z" finished-at="2018-02-21T17:25:39Z">
          <params>
            <param index="0">
              <value>
                <![CDATA[org.testng.TestRunner@1d119efb]]>
              </value>
            </param>
            <param index="1">
              <value>
                <![CDATA[[TestResult name=testGoogleSearch41 status=SKIP method=SampleTest.testGoogleSearch41()[pri:0, instance:com.qmetry.qaf.example.test.SampleTest@58c1c010] output=<div style="display:block;margin-left:10px;"><div  class="teststepfail"><span class="teststepfail-label">T </span>get '/'</div><div style="display:block;margin-left:10px;"><div  class="fail"><span class="fail-label">F </span>com.qmetry.qaf.automation.core.AutomationError: Timed out after 0 seconds: Unable to create driver instance in 1st attempt with retry timeout of 0 seconds. You can check/set value of 'driver.init.retry.timeout' appropriately to set retry timeout on driver initialization failure.
Driver file not exist.</div></div></div>]]]>
              </value>
            </param>
          </params>
          <reporter-output>
          </reporter-output>
        </test-method> <!-- afterMethod -->
        <test-method status="PASS" signature="setupMethod(java.lang.reflect.Method, org.testng.ITestContext)[pri:0, instance:com.qmetry.qaf.example.test.SampleTest@58c1c010]" name="setupMethod" is-config="true" duration-ms="0" started-at="2018-02-21T17:25:39Z" finished-at="2018-02-21T17:25:39Z">
          <params>
            <param index="0">
              <value>
                <![CDATA[public void com.qmetry.qaf.example.test.SampleTest.testGoogleSearch4()]]>
              </value>
            </param>
            <param index="1">
              <value>
                <![CDATA[org.testng.TestRunner@1d119efb]]>
              </value>
            </param>
          </params>
          <reporter-output>
          </reporter-output>
        </test-method> <!-- setupMethod -->
        <test-method status="PASS" signature="setupMethod(java.lang.reflect.Method, org.testng.ITestContext)[pri:0, instance:com.qmetry.qaf.example.test.SampleTest@58c1c010]" name="setupMethod" is-config="true" duration-ms="0" started-at="2018-02-21T17:25:39Z" finished-at="2018-02-21T17:25:39Z">
          <params>
            <param index="0">
              <value>
                <![CDATA[public void com.qmetry.qaf.example.test.SampleTest.testGoogleSearch3()]]>
              </value>
            </param>
            <param index="1">
              <value>
                <![CDATA[org.testng.TestRunner@1d119efb]]>
              </value>
            </param>
          </params>
          <reporter-output>
          </reporter-output>
        </test-method> <!-- setupMethod -->
        <test-method status="SKIP" signature="testGoogleSearch3()[pri:0, instance:com.qmetry.qaf.example.test.SampleTest@58c1c010]" name="testGoogleSearch3" duration-ms="0" started-at="2018-02-21T17:25:39Z" finished-at="2018-02-21T17:25:39Z">
          <exception class="com.qmetry.qaf.automation.core.AutomationError">
            <message>
              <![CDATA[Timed out after 0 seconds: Unable to create driver instance in 1st attempt with retry timeout of 0 seconds. You can check/set value of 'driver.init.retry.timeout' appropriately to set retry timeout on driver initialization failure.
Driver file not exist.]]>
            </message>
            <full-stacktrace>
              <![CDATA[com.qmetry.qaf.automation.core.AutomationError: Timed out after 0 seconds: Unable to create driver instance in 1st attempt with retry timeout of 0 seconds. You can check/set value of 'driver.init.retry.timeout' appropriately to set retry timeout on driver initialization failure.
Driver file not exist.
	at com.qmetry.qaf.automation.ui.webdriver.ChromeDriverHelper.createAndStartService(ChromeDriverHelper.java:51)
	at com.qmetry.qaf.automation.ui.webdriver.ChromeDriverHelper.getService(ChromeDriverHelper.java:88)
	at com.qmetry.qaf.automation.ui.UiDriverFactory$Browsers.getDriver(UiDriverFactory.java:407)
	at com.qmetry.qaf.automation.ui.UiDriverFactory$Browsers.access$4(UiDriverFactory.java:398)
	at com.qmetry.qaf.automation.ui.UiDriverFactory.getDriver(UiDriverFactory.java:234)
	at com.qmetry.qaf.automation.ui.UiDriverFactory.get(UiDriverFactory.java:94)
	at com.qmetry.qaf.automation.core.QAFTestBase$DriverInitExpectedCondition.apply(QAFTestBase.java:487)
	at com.qmetry.qaf.automation.core.QAFTestBase$DriverInitExpectedCondition.apply(QAFTestBase.java:1)
	at org.openqa.selenium.support.ui.FluentWait.until(FluentWait.java:238)
	at com.qmetry.qaf.automation.core.QAFTestBase.init(QAFTestBase.java:389)
	at com.qmetry.qaf.automation.core.QAFTestBase.getUiDriver(QAFTestBase.java:177)
	at com.qmetry.qaf.automation.ui.WebDriverTestBase.getDriver(WebDriverTestBase.java:47)
	at com.qmetry.qaf.automation.step.CommonStep.get_aroundBody24(CommonStep.java:308)
	at com.qmetry.qaf.automation.step.CommonStep$AjcClosure25.run(CommonStep.java:1)
	at org.aspectj.runtime.reflect.JoinPointImpl.proceed(JoinPointImpl.java:149)
	at com.qmetry.qaf.automation.step.JavaStepReporter$MockJavaStep.doExecute(JavaStepReporter.java:138)
	at com.qmetry.qaf.automation.step.BaseTestStep.execute(BaseTestStep.java:149)
	at com.qmetry.qaf.automation.step.JavaStepReporter.javaTestStep(JavaStepReporter.java:88)
	at com.qmetry.qaf.automation.step.CommonStep.get(CommonStep.java:307)
	at com.qmetry.qaf.example.test.SampleTest.testGoogleSearch3(SampleTest.java:47)
	at sun.reflect.NativeMethodAccessorImpl.invoke0(Native Method)
	at sun.reflect.NativeMethodAccessorImpl.invoke(NativeMethodAccessorImpl.java:62)
	at sun.reflect.DelegatingMethodAccessorImpl.invoke(DelegatingMethodAccessorImpl.java:43)
	at java.lang.reflect.Method.invoke(Method.java:498)
	at org.testng.internal.MethodInvocationHelper.invokeMethod(MethodInvocationHelper.java:86)
	at org.testng.internal.Invoker.invokeMethod(Invoker.java:643)
	at org.testng.internal.Invoker.invokeTestMethod(Invoker.java:820)
	at org.testng.internal.Invoker.invokeTestMethods(Invoker.java:1128)
	at org.testng.internal.TestMethodWorker.invokeTestMethods(TestMethodWorker.java:129)
	at org.testng.internal.TestMethodWorker.run(TestMethodWorker.java:112)
	at org.testng.TestRunner.privateRun(TestRunner.java:805)
	at org.testng.TestRunner.run(TestRunner.java:655)
	at org.testng.SuiteRunner.runTest(SuiteRunner.java:366)
	at org.testng.SuiteRunner.runSequentially(SuiteRunner.java:361)
	at org.testng.SuiteRunner.privateRun(SuiteRunner.java:319)
	at org.testng.SuiteRunner.run(SuiteRunner.java:268)
	at org.testng.SuiteRunnerWorker.runSuite(SuiteRunnerWorker.java:52)
	at org.testng.SuiteRunnerWorker.run(SuiteRunnerWorker.java:86)
	at org.testng.TestNG.runSuitesSequentially(TestNG.java:1244)
	at org.testng.TestNG.runSuitesLocally(TestNG.java:1169)
	at org.testng.TestNG.run(TestNG.java:1064)
	at org.apache.maven.surefire.testng.TestNGExecutor.run(TestNGExecutor.java:77)
	at org.apache.maven.surefire.testng.TestNGDirectoryTestSuite.execute(TestNGDirectoryTestSuite.java:110)
	at org.apache.maven.surefire.testng.TestNGProvider.invoke(TestNGProvider.java:106)
	at sun.reflect.NativeMethodAccessorImpl.invoke0(Native Method)
	at sun.reflect.NativeMethodAccessorImpl.invoke(NativeMethodAccessorImpl.java:62)
	at sun.reflect.DelegatingMethodAccessorImpl.invoke(DelegatingMethodAccessorImpl.java:43)
	at java.lang.reflect.Method.invoke(Method.java:498)
	at org.apache.maven.surefire.util.ReflectionUtils.invokeMethodWithArray(ReflectionUtils.java:189)
	at org.apache.maven.surefire.booter.ProviderFactory$ProviderProxy.invoke(ProviderFactory.java:165)
	at org.apache.maven.surefire.booter.ProviderFactory.invokeProvider(ProviderFactory.java:85)
	at org.apache.maven.surefire.booter.ForkedBooter.runSuitesInProcess(ForkedBooter.java:115)
	at org.apache.maven.surefire.booter.ForkedBooter.main(ForkedBooter.java:75)
]]>
            </full-stacktrace>
          </exception> <!-- com.qmetry.qaf.automation.core.AutomationError -->
          <reporter-output>
            <line>
              <![CDATA[<div style="display:block;margin-left:10px;"><div  class="teststepfail"><span class="teststepfail-label">T </span>get '/'</div><div style="display:block;margin-left:10px;"><div  class="fail"><span class="fail-label">F </span>com.qmetry.qaf.automation.core.AutomationError: Timed out after 0 seconds: Unable to create driver instance in 1st attempt with retry timeout of 0 seconds. You can check/set value of 'driver.init.retry.timeout' appropriately to set retry timeout on driver initialization failure.
Driver file not exist.</div></div></div>]]>
            </line>
          </reporter-output>
        </test-method> <!-- testGoogleSearch3 -->
        <test-method status="PASS" signature="afterMethod(org.testng.ITestContext, org.testng.ITestResult)[pri:0, instance:com.qmetry.qaf.example.test.SampleTest@58c1c010]" name="afterMethod" is-config="true" duration-ms="0" started-at="2018-02-21T17:25:39Z" finished-at="2018-02-21T17:25:39Z">
          <params>
            <param index="0">
              <value>
                <![CDATA[org.testng.TestRunner@1d119efb]]>
              </value>
            </param>
            <param index="1">
              <value>
                <![CDATA[[TestResult name=testGoogleSearch4 status=SKIP method=SampleTest.testGoogleSearch4()[pri:0, instance:com.qmetry.qaf.example.test.SampleTest@58c1c010] output=<div style="display:block;margin-left:10px;"><div  class="teststepfail"><span class="teststepfail-label">T </span>get '/'</div><div style="display:block;margin-left:10px;"><div  class="fail"><span class="fail-label">F </span>com.qmetry.qaf.automation.core.AutomationError: Timed out after 0 seconds: Unable to create driver instance in 1st attempt with retry timeout of 0 seconds. You can check/set value of 'driver.init.retry.timeout' appropriately to set retry timeout on driver initialization failure.
Driver file not exist.</div></div></div>]]]>
              </value>
            </param>
          </params>
          <reporter-output>
          </reporter-output>
        </test-method> <!-- afterMethod -->
        <test-method status="PASS" signature="afterMethod(org.testng.ITestContext, org.testng.ITestResult)[pri:0, instance:com.qmetry.qaf.example.test.SampleTest@58c1c010]" name="afterMethod" is-config="true" duration-ms="0" started-at="2018-02-21T17:25:39Z" finished-at="2018-02-21T17:25:39Z">
          <params>
            <param index="0">
              <value>
                <![CDATA[org.testng.TestRunner@1d119efb]]>
              </value>
            </param>
            <param index="1">
              <value>
                <![CDATA[[TestResult name=testGoogleSearch3 status=SKIP method=SampleTest.testGoogleSearch3()[pri:0, instance:com.qmetry.qaf.example.test.SampleTest@58c1c010] output=<div style="display:block;margin-left:10px;"><div  class="teststepfail"><span class="teststepfail-label">T </span>get '/'</div><div style="display:block;margin-left:10px;"><div  class="fail"><span class="fail-label">F </span>com.qmetry.qaf.automation.core.AutomationError: Timed out after 0 seconds: Unable to create driver instance in 1st attempt with retry timeout of 0 seconds. You can check/set value of 'driver.init.retry.timeout' appropriately to set retry timeout on driver initialization failure.
Driver file not exist.</div></div></div>]]]>
              </value>
            </param>
          </params>
          <reporter-output>
          </reporter-output>
        </test-method> <!-- afterMethod -->
        <test-method status="SKIP" signature="testGoogleSearch2()[pri:0, instance:com.qmetry.qaf.example.test.SampleTest@58c1c010]" name="testGoogleSearch2" duration-ms="15" started-at="2018-02-21T17:25:39Z" finished-at="2018-02-21T17:25:39Z">
          <exception class="com.qmetry.qaf.automation.core.AutomationError">
            <message>
              <![CDATA[Timed out after 0 seconds: Unable to create driver instance in 1st attempt with retry timeout of 0 seconds. You can check/set value of 'driver.init.retry.timeout' appropriately to set retry timeout on driver initialization failure.
Driver file not exist.]]>
            </message>
            <full-stacktrace>
              <![CDATA[com.qmetry.qaf.automation.core.AutomationError: Timed out after 0 seconds: Unable to create driver instance in 1st attempt with retry timeout of 0 seconds. You can check/set value of 'driver.init.retry.timeout' appropriately to set retry timeout on driver initialization failure.
Driver file not exist.
	at com.qmetry.qaf.automation.ui.webdriver.ChromeDriverHelper.createAndStartService(ChromeDriverHelper.java:51)
	at com.qmetry.qaf.automation.ui.webdriver.ChromeDriverHelper.getService(ChromeDriverHelper.java:88)
	at com.qmetry.qaf.automation.ui.UiDriverFactory$Browsers.getDriver(UiDriverFactory.java:407)
	at com.qmetry.qaf.automation.ui.UiDriverFactory$Browsers.access$4(UiDriverFactory.java:398)
	at com.qmetry.qaf.automation.ui.UiDriverFactory.getDriver(UiDriverFactory.java:234)
	at com.qmetry.qaf.automation.ui.UiDriverFactory.get(UiDriverFactory.java:94)
	at com.qmetry.qaf.automation.core.QAFTestBase$DriverInitExpectedCondition.apply(QAFTestBase.java:487)
	at com.qmetry.qaf.automation.core.QAFTestBase$DriverInitExpectedCondition.apply(QAFTestBase.java:1)
	at org.openqa.selenium.support.ui.FluentWait.until(FluentWait.java:238)
	at com.qmetry.qaf.automation.core.QAFTestBase.init(QAFTestBase.java:389)
	at com.qmetry.qaf.automation.core.QAFTestBase.getUiDriver(QAFTestBase.java:177)
	at com.qmetry.qaf.automation.ui.WebDriverTestBase.getDriver(WebDriverTestBase.java:47)
	at com.qmetry.qaf.automation.step.CommonStep.get_aroundBody24(CommonStep.java:308)
	at com.qmetry.qaf.automation.step.CommonStep$AjcClosure25.run(CommonStep.java:1)
	at org.aspectj.runtime.reflect.JoinPointImpl.proceed(JoinPointImpl.java:149)
	at com.qmetry.qaf.automation.step.JavaStepReporter$MockJavaStep.doExecute(JavaStepReporter.java:138)
	at com.qmetry.qaf.automation.step.BaseTestStep.execute(BaseTestStep.java:149)
	at com.qmetry.qaf.automation.step.JavaStepReporter.javaTestStep(JavaStepReporter.java:88)
	at com.qmetry.qaf.automation.step.CommonStep.get(CommonStep.java:307)
	at com.qmetry.qaf.example.test.SampleTest.testGoogleSearch2(SampleTest.java:40)
	at sun.reflect.NativeMethodAccessorImpl.invoke0(Native Method)
	at sun.reflect.NativeMethodAccessorImpl.invoke(NativeMethodAccessorImpl.java:62)
	at sun.reflect.DelegatingMethodAccessorImpl.invoke(DelegatingMethodAccessorImpl.java:43)
	at java.lang.reflect.Method.invoke(Method.java:498)
	at org.testng.internal.MethodInvocationHelper.invokeMethod(MethodInvocationHelper.java:86)
	at org.testng.internal.Invoker.invokeMethod(Invoker.java:643)
	at org.testng.internal.Invoker.invokeTestMethod(Invoker.java:820)
	at org.testng.internal.Invoker.invokeTestMethods(Invoker.java:1128)
	at org.testng.internal.TestMethodWorker.invokeTestMethods(TestMethodWorker.java:129)
	at org.testng.internal.TestMethodWorker.run(TestMethodWorker.java:112)
	at org.testng.TestRunner.privateRun(TestRunner.java:805)
	at org.testng.TestRunner.run(TestRunner.java:655)
	at org.testng.SuiteRunner.runTest(SuiteRunner.java:366)
	at org.testng.SuiteRunner.runSequentially(SuiteRunner.java:361)
	at org.testng.SuiteRunner.privateRun(SuiteRunner.java:319)
	at org.testng.SuiteRunner.run(SuiteRunner.java:268)
	at org.testng.SuiteRunnerWorker.runSuite(SuiteRunnerWorker.java:52)
	at org.testng.SuiteRunnerWorker.run(SuiteRunnerWorker.java:86)
	at org.testng.TestNG.runSuitesSequentially(TestNG.java:1244)
	at org.testng.TestNG.runSuitesLocally(TestNG.java:1169)
	at org.testng.TestNG.run(TestNG.java:1064)
	at org.apache.maven.surefire.testng.TestNGExecutor.run(TestNGExecutor.java:77)
	at org.apache.maven.surefire.testng.TestNGDirectoryTestSuite.execute(TestNGDirectoryTestSuite.java:110)
	at org.apache.maven.surefire.testng.TestNGProvider.invoke(TestNGProvider.java:106)
	at sun.reflect.NativeMethodAccessorImpl.invoke0(Native Method)
	at sun.reflect.NativeMethodAccessorImpl.invoke(NativeMethodAccessorImpl.java:62)
	at sun.reflect.DelegatingMethodAccessorImpl.invoke(DelegatingMethodAccessorImpl.java:43)
	at java.lang.reflect.Method.invoke(Method.java:498)
	at org.apache.maven.surefire.util.ReflectionUtils.invokeMethodWithArray(ReflectionUtils.java:189)
	at org.apache.maven.surefire.booter.ProviderFactory$ProviderProxy.invoke(ProviderFactory.java:165)
	at org.apache.maven.surefire.booter.ProviderFactory.invokeProvider(ProviderFactory.java:85)
	at org.apache.maven.surefire.booter.ForkedBooter.runSuitesInProcess(ForkedBooter.java:115)
	at org.apache.maven.surefire.booter.ForkedBooter.main(ForkedBooter.java:75)
]]>
            </full-stacktrace>
          </exception> <!-- com.qmetry.qaf.automation.core.AutomationError -->
          <reporter-output>
            <line>
              <![CDATA[<div style="display:block;margin-left:10px;"><div  class="teststepfail"><span class="teststepfail-label">T </span>get '/'</div><div style="display:block;margin-left:10px;"><div  class="fail"><span class="fail-label">F </span>com.qmetry.qaf.automation.core.AutomationError: Timed out after 0 seconds: Unable to create driver instance in 1st attempt with retry timeout of 0 seconds. You can check/set value of 'driver.init.retry.timeout' appropriately to set retry timeout on driver initialization failure.
Driver file not exist.</div></div></div>]]>
            </line>
          </reporter-output>
        </test-method> <!-- testGoogleSearch2 -->
        <test-method status="PASS" signature="setupMethod(java.lang.reflect.Method, org.testng.ITestContext)[pri:0, instance:com.qmetry.qaf.example.test.SampleTest@58c1c010]" name="setupMethod" is-config="true" duration-ms="0" started-at="2018-02-21T17:25:39Z" finished-at="2018-02-21T17:25:39Z">
          <params>
            <param index="0">
              <value>
                <![CDATA[public void com.qmetry.qaf.example.test.SampleTest.testGoogleSearch2()]]>
              </value>
            </param>
            <param index="1">
              <value>
                <![CDATA[org.testng.TestRunner@1d119efb]]>
              </value>
            </param>
          </params>
          <reporter-output>
          </reporter-output>
        </test-method> <!-- setupMethod -->
        <test-method status="PASS" signature="afterMethod(org.testng.ITestContext, org.testng.ITestResult)[pri:0, instance:com.qmetry.qaf.example.test.SampleTest@58c1c010]" name="afterMethod" is-config="true" duration-ms="1" started-at="2018-02-21T17:25:39Z" finished-at="2018-02-21T17:25:39Z">
          <params>
            <param index="0">
              <value>
                <![CDATA[org.testng.TestRunner@1d119efb]]>
              </value>
            </param>
            <param index="1">
              <value>
                <![CDATA[[TestResult name=testGoogleSearch2 status=SKIP method=SampleTest.testGoogleSearch2()[pri:0, instance:com.qmetry.qaf.example.test.SampleTest@58c1c010] output=<div style="display:block;margin-left:10px;"><div  class="teststepfail"><span class="teststepfail-label">T </span>get '/'</div><div style="display:block;margin-left:10px;"><div  class="fail"><span class="fail-label">F </span>com.qmetry.qaf.automation.core.AutomationError: Timed out after 0 seconds: Unable to create driver instance in 1st attempt with retry timeout of 0 seconds. You can check/set value of 'driver.init.retry.timeout' appropriately to set retry timeout on driver initialization failure.
Driver file not exist.</div></div></div>]]]>
              </value>
            </param>
          </params>
          <reporter-output>
          </reporter-output>
        </test-method> <!-- afterMethod -->
        <test-method status="PASS" signature="setupMethod(java.lang.reflect.Method, org.testng.ITestContext)[pri:0, instance:com.qmetry.qaf.example.test.SampleTest@58c1c010]" name="setupMethod" is-config="true" duration-ms="1" started-at="2018-02-21T17:25:39Z" finished-at="2018-02-21T17:25:39Z">
          <params>
            <param index="0">
              <value>
                <![CDATA[public void com.qmetry.qaf.example.test.SampleTest.testGoogleSearch1()]]>
              </value>
            </param>
            <param index="1">
              <value>
                <![CDATA[org.testng.TestRunner@1d119efb]]>
              </value>
            </param>
          </params>
          <reporter-output>
          </reporter-output>
        </test-method> <!-- setupMethod -->
        <test-method status="SKIP" signature="testGoogleSearch1()[pri:0, instance:com.qmetry.qaf.example.test.SampleTest@58c1c010]" name="testGoogleSearch1" duration-ms="9" started-at="2018-02-21T17:25:39Z" finished-at="2018-02-21T17:25:39Z">
          <exception class="com.qmetry.qaf.automation.core.AutomationError">
            <message>
              <![CDATA[Timed out after 0 seconds: Unable to create driver instance in 1st attempt with retry timeout of 0 seconds. You can check/set value of 'driver.init.retry.timeout' appropriately to set retry timeout on driver initialization failure.
Driver file not exist.]]>
            </message>
            <full-stacktrace>
              <![CDATA[com.qmetry.qaf.automation.core.AutomationError: Timed out after 0 seconds: Unable to create driver instance in 1st attempt with retry timeout of 0 seconds. You can check/set value of 'driver.init.retry.timeout' appropriately to set retry timeout on driver initialization failure.
Driver file not exist.
	at com.qmetry.qaf.automation.ui.webdriver.ChromeDriverHelper.createAndStartService(ChromeDriverHelper.java:51)
	at com.qmetry.qaf.automation.ui.webdriver.ChromeDriverHelper.getService(ChromeDriverHelper.java:88)
	at com.qmetry.qaf.automation.ui.UiDriverFactory$Browsers.getDriver(UiDriverFactory.java:407)
	at com.qmetry.qaf.automation.ui.UiDriverFactory$Browsers.access$4(UiDriverFactory.java:398)
	at com.qmetry.qaf.automation.ui.UiDriverFactory.getDriver(UiDriverFactory.java:234)
	at com.qmetry.qaf.automation.ui.UiDriverFactory.get(UiDriverFactory.java:94)
	at com.qmetry.qaf.automation.core.QAFTestBase$DriverInitExpectedCondition.apply(QAFTestBase.java:487)
	at com.qmetry.qaf.automation.core.QAFTestBase$DriverInitExpectedCondition.apply(QAFTestBase.java:1)
	at org.openqa.selenium.support.ui.FluentWait.until(FluentWait.java:238)
	at com.qmetry.qaf.automation.core.QAFTestBase.init(QAFTestBase.java:389)
	at com.qmetry.qaf.automation.core.QAFTestBase.getUiDriver(QAFTestBase.java:177)
	at com.qmetry.qaf.automation.ui.WebDriverTestBase.getDriver(WebDriverTestBase.java:47)
	at com.qmetry.qaf.automation.step.CommonStep.get_aroundBody24(CommonStep.java:308)
	at com.qmetry.qaf.automation.step.CommonStep$AjcClosure25.run(CommonStep.java:1)
	at org.aspectj.runtime.reflect.JoinPointImpl.proceed(JoinPointImpl.java:149)
	at com.qmetry.qaf.automation.step.JavaStepReporter$MockJavaStep.doExecute(JavaStepReporter.java:138)
	at com.qmetry.qaf.automation.step.BaseTestStep.execute(BaseTestStep.java:149)
	at com.qmetry.qaf.automation.step.JavaStepReporter.javaTestStep(JavaStepReporter.java:88)
	at com.qmetry.qaf.automation.step.CommonStep.get(CommonStep.java:307)
	at com.qmetry.qaf.example.test.SampleTest.testGoogleSearch1(SampleTest.java:33)
	at sun.reflect.NativeMethodAccessorImpl.invoke0(Native Method)
	at sun.reflect.NativeMethodAccessorImpl.invoke(NativeMethodAccessorImpl.java:62)
	at sun.reflect.DelegatingMethodAccessorImpl.invoke(DelegatingMethodAccessorImpl.java:43)
	at java.lang.reflect.Method.invoke(Method.java:498)
	at org.testng.internal.MethodInvocationHelper.invokeMethod(MethodInvocationHelper.java:86)
	at org.testng.internal.Invoker.invokeMethod(Invoker.java:643)
	at org.testng.internal.Invoker.invokeTestMethod(Invoker.java:820)
	at org.testng.internal.Invoker.invokeTestMethods(Invoker.java:1128)
	at org.testng.internal.TestMethodWorker.invokeTestMethods(TestMethodWorker.java:129)
	at org.testng.internal.TestMethodWorker.run(TestMethodWorker.java:112)
	at org.testng.TestRunner.privateRun(TestRunner.java:805)
	at org.testng.TestRunner.run(TestRunner.java:655)
	at org.testng.SuiteRunner.runTest(SuiteRunner.java:366)
	at org.testng.SuiteRunner.runSequentially(SuiteRunner.java:361)
	at org.testng.SuiteRunner.privateRun(SuiteRunner.java:319)
	at org.testng.SuiteRunner.run(SuiteRunner.java:268)
	at org.testng.SuiteRunnerWorker.runSuite(SuiteRunnerWorker.java:52)
	at org.testng.SuiteRunnerWorker.run(SuiteRunnerWorker.java:86)
	at org.testng.TestNG.runSuitesSequentially(TestNG.java:1244)
	at org.testng.TestNG.runSuitesLocally(TestNG.java:1169)
	at org.testng.TestNG.run(TestNG.java:1064)
	at org.apache.maven.surefire.testng.TestNGExecutor.run(TestNGExecutor.java:77)
	at org.apache.maven.surefire.testng.TestNGDirectoryTestSuite.execute(TestNGDirectoryTestSuite.java:110)
	at org.apache.maven.surefire.testng.TestNGProvider.invoke(TestNGProvider.java:106)
	at sun.reflect.NativeMethodAccessorImpl.invoke0(Native Method)
	at sun.reflect.NativeMethodAccessorImpl.invoke(NativeMethodAccessorImpl.java:62)
	at sun.reflect.DelegatingMethodAccessorImpl.invoke(DelegatingMethodAccessorImpl.java:43)
	at java.lang.reflect.Method.invoke(Method.java:498)
	at org.apache.maven.surefire.util.ReflectionUtils.invokeMethodWithArray(ReflectionUtils.java:189)
	at org.apache.maven.surefire.booter.ProviderFactory$ProviderProxy.invoke(ProviderFactory.java:165)
	at org.apache.maven.surefire.booter.ProviderFactory.invokeProvider(ProviderFactory.java:85)
	at org.apache.maven.surefire.booter.ForkedBooter.runSuitesInProcess(ForkedBooter.java:115)
	at org.apache.maven.surefire.booter.ForkedBooter.main(ForkedBooter.java:75)
]]>
            </full-stacktrace>
          </exception> <!-- com.qmetry.qaf.automation.core.AutomationError -->
          <reporter-output>
            <line>
              <![CDATA[<div style="display:block;margin-left:10px;"><div  class="teststepfail"><span class="teststepfail-label">T </span>get '/'</div><div style="display:block;margin-left:10px;"><div  class="fail"><span class="fail-label">F </span>com.qmetry.qaf.automation.core.AutomationError: Timed out after 0 seconds: Unable to create driver instance in 1st attempt with retry timeout of 0 seconds. You can check/set value of 'driver.init.retry.timeout' appropriately to set retry timeout on driver initialization failure.
Driver file not exist.</div></div></div>]]>
            </line>
          </reporter-output>
        </test-method> <!-- testGoogleSearch1 -->
        <test-method status="PASS" signature="afterMethod(org.testng.ITestContext, org.testng.ITestResult)[pri:0, instance:com.qmetry.qaf.example.test.SampleTest@58c1c010]" name="afterMethod" is-config="true" duration-ms="1" started-at="2018-02-21T17:25:39Z" finished-at="2018-02-21T17:25:39Z">
          <params>
            <param index="0">
              <value>
                <![CDATA[org.testng.TestRunner@1d119efb]]>
              </value>
            </param>
            <param index="1">
              <value>
                <![CDATA[[TestResult name=testGoogleSearch1 status=SKIP method=SampleTest.testGoogleSearch1()[pri:0, instance:com.qmetry.qaf.example.test.SampleTest@58c1c010] output=<div style="display:block;margin-left:10px;"><div  class="teststepfail"><span class="teststepfail-label">T </span>get '/'</div><div style="display:block;margin-left:10px;"><div  class="fail"><span class="fail-label">F </span>com.qmetry.qaf.automation.core.AutomationError: Timed out after 0 seconds: Unable to create driver instance in 1st attempt with retry timeout of 0 seconds. You can check/set value of 'driver.init.retry.timeout' appropriately to set retry timeout on driver initialization failure.
Driver file not exist.</div></div></div>]]]>
              </value>
            </param>
          </params>
          <reporter-output>
          </reporter-output>
        </test-method> <!-- afterMethod -->
        <test-method status="PASS" signature="afterClass(org.testng.ITestContext)[pri:0, instance:com.qmetry.qaf.example.test.SampleTest@58c1c010]" name="afterClass" is-config="true" duration-ms="1" started-at="2018-02-21T17:25:39Z" finished-at="2018-02-21T17:25:39Z">
          <params>
            <param index="0">
              <value>
                <![CDATA[org.testng.TestRunner@1d119efb]]>
              </value>
            </param>
          </params>
          <reporter-output>
          </reporter-output>
        </test-method> <!-- afterClass -->
        <test-method status="PASS" signature="afterTest(org.testng.ITestContext)[pri:0, instance:com.qmetry.qaf.example.test.SampleTest@58c1c010]" name="afterTest" is-config="true" duration-ms="2" started-at="2018-02-21T17:25:39Z" finished-at="2018-02-21T17:25:39Z">
          <params>
            <param index="0">
              <value>
                <![CDATA[org.testng.TestRunner@1d119efb]]>
              </value>
            </param>
          </params>
          <reporter-output>
          </reporter-output>
        </test-method> <!-- afterTest -->
        <test-method status="PASS" signature="afterSuit(org.testng.ITestContext)[pri:0, instance:com.qmetry.qaf.example.test.SampleTest@58c1c010]" name="afterSuit" is-config="true" duration-ms="5" started-at="2018-02-21T17:25:40Z" finished-at="2018-02-21T17:25:40Z">
          <params>
            <param index="0">
              <value>
                <![CDATA[org.testng.TestRunner@1d119efb]]>
              </value>
            </param>
          </params>
          <reporter-output>
          </reporter-output>
        </test-method> <!-- afterSuit -->
      </class> <!-- com.qmetry.qaf.example.test.SampleTest -->
    </test> <!-- Command line test -->
  </suite> <!-- com.qmetry.qaf.example.test.SampleTest -->
</testng-results>
