<?xml version="1.0" encoding="UTF-8"?>
<!-- Generated by org.testng.reporters.JUnitXMLReporter -->
<testsuite hostname="ICPL10260" name="Command line test" tests="7" failures="0" timestamp="21 Feb 2018 11:55:40 GMT" time="0.334" errors="0">
  <testcase name="testGoogleSearch5" time="0.016" classname="com.qmetry.qaf.example.test.SampleTest"/>
  <testcase name="testGoogleSearch5" time="0.0" classname="com.qmetry.qaf.example.test.SampleTest"/>
  <testcase name="testGoogleSearch41" time="0.122" classname="com.qmetry.qaf.example.test.SampleTest">
    <skipped/>
  </testcase> <!-- testGoogleSearch41 -->
  <testcase name="testGoogleSearch4" time="0.0" classname="com.qmetry.qaf.example.test.SampleTest">
    <skipped/>
  </testcase> <!-- testGoogleSearch4 -->
  <testcase name="testGoogleSearch3" time="0.0" classname="com.qmetry.qaf.example.test.SampleTest">
    <skipped/>
  </testcase> <!-- testGoogleSearch3 -->
  <testcase name="testGoogleSearch2" time="0.015" classname="com.qmetry.qaf.example.test.SampleTest">
    <skipped/>
  </testcase> <!-- testGoogleSearch2 -->
  <testcase name="testGoogleSearch1" time="0.009" classname="com.qmetry.qaf.example.test.SampleTest">
    <skipped/>
  </testcase> <!-- testGoogleSearch1 -->
</testsuite> <!-- Command line test -->
