<?xml version="1.0" encoding="UTF-8" ?>
<testsuite tests="8" failures="0" name="TestSuite" time="4.828" errors="0" skipped="6">
  <properties>
[...]
</properties>
  <testcase classname="com.qmetry.qaf.automation.step.client.Scenario" name="SampleTest" time="0.375">
    <skipped/>
  </testcase>
  <testcase classname="com.qmetry.qaf.example.test.SampleTest" name="testGoogleSearch5" time="0.031"/>
  <testcase classname="com.qmetry.qaf.example.test.SampleTest" name="testGoogleSearch5" time="0.016"/>
  <testcase classname="com.qmetry.qaf.example.test.SampleTest" name="testGoogleSearch41" time="0.031">
    <skipped/>
  </testcase>
  <testcase classname="com.qmetry.qaf.example.test.SampleTest" name="testGoogleSearch4" time="0.031">
    <skipped/>
  </testcase>
  <testcase classname="com.qmetry.qaf.example.test.SampleTest" name="testGoogleSearch3" time="0.031">
    <skipped/>
  </testcase>
  <testcase classname="com.qmetry.qaf.example.test.SampleTest" name="testGoogleSearch2" time="0.032">
    <skipped/>
  </testcase>
  <testcase classname="com.qmetry.qaf.example.test.SampleTest" name="testGoogleSearch1" time="0.031">
    <skipped/>
  </testcase>
</testsuite>